<?xml version="1.0" encoding="UTF-8"?>
<testng-results skipped="0" failed="0" ignored="0" total="1" passed="1">
  <reporter-output>
  </reporter-output>
  <suite name="Default suite" duration-ms="25934" started-at="2020-07-24T08:14:13Z" finished-at="2020-07-24T08:14:39Z">
    <groups>
    </groups>
    <test name="Default test" duration-ms="25934" started-at="2020-07-24T08:14:13Z" finished-at="2020-07-24T08:14:39Z">
      <class name="com.seleniumtestproject.core.TrendyolTest">
        <test-method status="PASS" signature="beforeClass()[pri:0, instance:com.seleniumtestproject.core.TrendyolTest@1e88b3c]" name="beforeClass" is-config="true" duration-ms="11149" started-at="2020-07-24T11:14:13Z" finished-at="2020-07-24T11:14:24Z">
          <reporter-output>
          </reporter-output>
        </test-method> <!-- beforeClass -->
        <test-method status="PASS" signature="TesClasst()[pri:0, instance:com.seleniumtestproject.core.TrendyolTest@1e88b3c]" name="TesClasst" duration-ms="14740" started-at="2020-07-24T11:14:24Z" finished-at="2020-07-24T11:14:39Z">
          <reporter-output>
          </reporter-output>
        </test-method> <!-- TesClasst -->
        <test-method status="PASS" signature="afterClass()[pri:0, instance:com.seleniumtestproject.core.TrendyolTest@1e88b3c]" name="afterClass" is-config="true" duration-ms="0" started-at="2020-07-24T11:14:39Z" finished-at="2020-07-24T11:14:39Z">
          <reporter-output>
          </reporter-output>
        </test-method> <!-- afterClass -->
      </class> <!-- com.seleniumtestproject.core.TrendyolTest -->
    </test> <!-- Default test -->
  </suite> <!-- Default suite -->
</testng-results>
